********** Crash dump: **********
Build fingerprint: 'oculus/hollywood/hollywood:10/QQ3A.200805.001/17007100222900000:user/release-keys'
#00 0x00000000005dc314 /data/app/com.beatgames.beatsaber-tOTy0hNntCAlV8Vr7ECd4g==/lib/arm64/libunity.so (BuildId: b12173377920854a5ef273e1f228e2cf72d54ffa)
                                                                                                         core::hash_set<core::pair<core::basic_string<char, core::StringStorageDefault<char> > const, int, true>, core::hash_pair<core::hash<core::basic_string<char, core::StringStorageDefault<char> > >, core::basic_string<char, core::StringStorageDefault<char> > const, int>, core::equal_pair<std::__ndk1::equal_to<core::basic_string<char, core::StringStorageDefault<char> > >, core::basic_string<char, core::StringStorageDefault<char> > const, int> >::node* core::hash_set<core::pair<core::basic_string<char, core::StringStorageDefault<char> > const, int, true>, core::hash_pair<core::hash<core::basic_string<char, core::StringStorageDefault<char> > >, core::basic_string<char, core::StringStorageDefault<char> > const, int>, core::equal_pair<std::__ndk1::equal_to<core::basic_string<char, core::StringStorageDefault<char> > >, core::basic_string<char, core::StringStorageDefault<char> > const, int> >::lookup<core::basic_string<char, core::StringStorageDefault<char> > >(core::basic_string<char, core::StringStorageDefault<char> > const&) const
                                                                                                         ??:0:0
#01 0x00000000005d91fc /data/app/com.beatgames.beatsaber-tOTy0hNntCAlV8Vr7ECd4g==/lib/arm64/libunity.so (BuildId: b12173377920854a5ef273e1f228e2cf72d54ffa)
                                                                                                         MonoManager::GetScriptingClass(char const*, char const*, char const*)
                                                                                                         ??:0:0
#02 0x000000000010b7d8 /data/app/com.beatgames.beatsaber-tOTy0hNntCAlV8Vr7ECd4g==/lib/arm64/libunity.so (BuildId: b12173377920854a5ef273e1f228e2cf72d54ffa)
                                                                                                         InitializeCoreScriptingClasses()
                                                                                                         ??:0:0
#03 0x000000000010b750 /data/app/com.beatgames.beatsaber-tOTy0hNntCAlV8Vr7ECd4g==/lib/arm64/libunity.so (BuildId: b12173377920854a5ef273e1f228e2cf72d54ffa)
                                                                                                         GetCoreScriptingClassesPtr()
                                                                                                         ??:0:0
#04 0x000000000010b04c /data/app/com.beatgames.beatsaber-tOTy0hNntCAlV8Vr7ECd4g==/lib/arm64/libunity.so (BuildId: b12173377920854a5ef273e1f228e2cf72d54ffa)
                                                                                                         GetCoreScriptingClasses()
                                                                                                         ??:0:0
#05 0x00000000005da670 /data/app/com.beatgames.beatsaber-tOTy0hNntCAlV8Vr7ECd4g==/lib/arm64/libunity.so (BuildId: b12173377920854a5ef273e1f228e2cf72d54ffa)
                                                                                                         Scripting::GetTypeFromScriptingClass(ScriptingClassPtr)
                                                                                                         ??:0:0
#06 0x00000000005dac9c /data/app/com.beatgames.beatsaber-tOTy0hNntCAlV8Vr7ECd4g==/lib/arm64/libunity.so (BuildId: b12173377920854a5ef273e1f228e2cf72d54ffa)
                                                                                                         Scripting::FindObjectsOfType(ScriptingSystemTypeObjectPtr, Scripting::FindMode)
                                                                                                         ??:0:0
#07 0x00000000006b4a4c /data/app/com.beatgames.beatsaber-tOTy0hNntCAlV8Vr7ECd4g==/lib/arm64/libunity.so (BuildId: b12173377920854a5ef273e1f228e2cf72d54ffa)
                                                                                                         Object_CUSTOM_FindObjectsOfType(ScriptingBackendNativeObjectPtrOpaque*)
                                                                                                         ??:0:0
#08 0x0000000001c1dc34 /data/app/com.beatgames.beatsaber-tOTy0hNntCAlV8Vr7ECd4g==/lib/arm64/libil2cpp.so (BuildId: 3b24794025ff5af7fcffcb90730a79837e075ea3)
                                                                                                          Object_1 * Object_1_FindObjectOfType(Type * type, MethodInfo * method)
                                                                                                          ??:0:0
#09 0x0000000001528308 /data/app/com.beatgames.beatsaber-tOTy0hNntCAlV8Vr7ECd4g==/lib/arm64/libil2cpp.so (BuildId: 3b24794025ff5af7fcffcb90730a79837e075ea3)
                                                                                                          void OVRManager__cctor(MethodInfo * method)
                                                                                                          ??:0:0
#10 0x0000000000f61274 /data/app/com.beatgames.beatsaber-tOTy0hNntCAlV8Vr7ECd4g==/lib/arm64/libil2cpp.so (BuildId: 3b24794025ff5af7fcffcb90730a79837e075ea3)
                                                                                                          void il2cpp_class_for_each(void (*klassReportFunc)(Il2CppClass * klass, void * userData), void * userData)
                                                                                                          ??:0:0
#11 0x00000000000471a4 /data/data/com.beatgames.beatsaber/libServerBrowser.so (GlobalNamespace::MultiplayerModeSelectionFlowCoordinator* il2cpp_utils::RunMethodThrow<GlobalNamespace::MultiplayerModeSelectionFlowCoordinator*, false, Il2CppClass*>(Il2CppClass*&&, MethodInfo const*)+96) (BuildId: b1aa5abcb0b79a00ea26c7fb375639b5438f14b1)
                                                                               GlobalNamespace::MultiplayerModeSelectionFlowCoordinator* il2cpp_utils::RunMethodThrow<GlobalNamespace::MultiplayerModeSelectionFlowCoordinator*, false, Il2CppClass*>(Il2CppClass*&&, MethodInfo const*)
                                                                               F:/BS-Modding/BeatSaberServerBrowserQuest\extern/beatsaber-hook/shared/utils\il2cpp-utils-methods.hpp:221:21
#12 0x0000000000046858 /data/data/com.beatgames.beatsaber/libServerBrowser.so (GlobalNamespace::MultiplayerModeSelectionFlowCoordinator* UnityEngine::Object::FindObjectOfType<GlobalNamespace::MultiplayerModeSelectionFlowCoordinator*>()+96) (BuildId: b1aa5abcb0b79a00ea26c7fb375639b5438f14b1)
                                                                               GlobalNamespace::MultiplayerModeSelectionFlowCoordinator* UnityEngine::Object::FindObjectOfType<GlobalNamespace::MultiplayerModeSelectionFlowCoordinator*>()
                                                                               F:\BS-Modding\BeatSaberServerBrowserQuest\extern/codegen/include\UnityEngine\Object.hpp:196:14
#13 0x00000000000467b0 /data/data/com.beatgames.beatsaber/libServerBrowser.so (ServerBrowser::Game::MpModeSelection::SetUp()+8) (BuildId: b1aa5abcb0b79a00ea26c7fb375639b5438f14b1)
                                                                               ServerBrowser::Game::MpModeSelection::SetUp()
                                                                               F:/BS-Modding/BeatSaberServerBrowserQuest/src/Game\MpModeSelection.cpp:25:22
#14 0x000000000003f018 /data/data/com.beatgames.beatsaber/libServerBrowser.so (load+784) (BuildId: b1aa5abcb0b79a00ea26c7fb375639b5438f14b1)
                                                                               load
                                                                               F:/BS-Modding/BeatSaberServerBrowserQuest/src\main.cpp:164:5
WARNING: Mismatched build id for ./obj/local/arm64-v8a/libmodloader.so
WARNING:   Expected 9d18dd6ae1be91ffc6283a6d15e2ef675c8cc5cd
WARNING:   Found    2956a6e242f1f23d0c65820021712acef4eda1c4
#15 0x0000000000060a78 /data/app/com.beatgames.beatsaber-tOTy0hNntCAlV8Vr7ECd4g==/lib/arm64/libmodloader.so (Modloader::load_mods()+420) (BuildId: 9d18dd6ae1be91ffc6283a6d15e2ef675c8cc5cd)
#16 0x00000000005d9464 /data/app/com.beatgames.beatsaber-tOTy0hNntCAlV8Vr7ECd4g==/lib/arm64/libunity.so (BuildId: b12173377920854a5ef273e1f228e2cf72d54ffa)
                                                                                                         InitializeIl2CppFromMain(core::basic_string<char, core::StringStorageDefault<char> > const&, core::basic_string<char, core::StringStorageDefault<char> > const&, int, char const**, bool)
                                                                                                         ??:0:0
#17 0x0000000000642258 /data/app/com.beatgames.beatsaber-tOTy0hNntCAlV8Vr7ECd4g==/lib/arm64/libunity.so (BuildId: b12173377920854a5ef273e1f228e2cf72d54ffa)
                                                                                                         UnityInitApplication()
                                                                                                         ??:0:0
#18 0x0000000000642d08 /data/app/com.beatgames.beatsaber-tOTy0hNntCAlV8Vr7ECd4g==/lib/arm64/libunity.so (BuildId: b12173377920854a5ef273e1f228e2cf72d54ffa)
                                                                                                         UnityPlayerLoop()
                                                                                                         ??:0:0
#19 0x0000000000656b48 /data/app/com.beatgames.beatsaber-tOTy0hNntCAlV8Vr7ECd4g==/lib/arm64/libunity.so (BuildId: b12173377920854a5ef273e1f228e2cf72d54ffa)
                                                                                                         nativeRender(_JNIEnv*, _jobject*)
                                                                                                         ??:0:0
#20 0x000000000000593c /data/app/com.beatgames.beatsaber-tOTy0hNntCAlV8Vr7ECd4g==/oat/arm64/base.odex
Crash dump is completed

